2021-11-22 02:45:50,750 INFO c.m.h.c.base [main] CLick on Contact successfully
2021-11-22 02:46:24,611 INFO c.m.h.c.base [main] Logged In clicked successfully
2021-11-22 02:46:44,370 INFO c.m.h.c.base [main] Clicked successfully
2021-11-22 02:46:56,466 INFO c.m.h.c.base [main] Item searched successfully
2021-11-22 02:47:01,024 INFO c.m.h.c.base [main] Item added to cart successfully
2021-11-22 02:47:16,593 INFO c.m.h.c.base [main] Gift card value changed successfully
2021-11-22 02:47:16,803 INFO c.m.h.c.base [main] Added to cart successfully
2021-11-22 02:47:35,323 INFO c.m.h.c.base [main] Navigated to wishlist
2021-11-22 02:47:39,288 INFO c.m.h.c.base [main] Product added to wishlist successfully
2021-11-22 02:47:42,740 INFO c.m.h.c.base [main] successfully navigated to the checkout page
2021-11-22 02:47:56,726 INFO c.m.h.c.base [main] Navigated to sortlist
2021-11-22 02:47:56,877 INFO c.m.h.c.base [main] Product sorted successfully
2021-11-22 02:48:11,989 INFO c.m.h.c.base [main] Navigated to cart
2021-11-22 02:48:16,258 INFO c.m.h.c.base [main] Product added to cart successfully
2021-11-22 02:48:24,498 INFO c.m.h.c.base [main] successfully navigated to the checkout page
2021-11-22 02:48:39,221 INFO c.m.h.c.base [main] Navigated to next page successfully
2021-11-22 02:49:01,559 INFO c.m.h.c.base [main] Hover clicked successfully
2021-11-22 02:49:05,674 INFO c.m.h.c.base [main] Added to cart successfully
2021-11-22 03:54:20,844 INFO c.m.h.c.base [main] Navigated to wishlist
2021-11-22 03:54:59,735 INFO c.m.h.c.base [main] Product added to wishlist successfully
2021-11-22 04:08:10,838 INFO c.m.h.c.base [main] Item searched successfully
2021-11-22 04:10:01,468 INFO c.m.h.c.base [main] Item searched successfully
2021-11-22 04:10:12,365 INFO c.m.h.c.base [main] Item added to cart successfully
2021-11-22 04:16:26,302 INFO c.m.h.c.base [main] Navigated to sortlist
2021-11-22 04:17:36,392 INFO c.m.h.c.base [main] Navigated to sortlist
2021-11-22 04:17:36,649 INFO c.m.h.c.base [main] Product sorted successfully
2021-11-22 04:21:13,290 INFO c.m.h.c.base [main] Clicked successfully
2021-11-22 04:28:25,575 INFO c.m.h.c.base [main] Hover clicked successfully
2021-11-22 04:28:30,363 INFO c.m.h.c.base [main] Added to cart successfully
2021-11-22 04:43:55,926 INFO c.m.h.c.base [main] Hover clicked successfully
2021-11-22 04:44:00,345 INFO c.m.h.c.base [main] Added to cart successfully
2021-11-22 04:46:29,224 INFO c.m.h.c.base [main] Navigated to next page successfully
2021-11-22 04:47:49,264 INFO c.m.h.c.base [main] Navigated to next page successfully
2021-11-22 06:42:56,807 INFO c.m.h.c.base [main] Logged In clicked successfully
2021-11-22 15:18:43,116 INFO c.m.h.c.base [main] Gift card value changed successfully
2021-11-22 15:18:43,205 INFO c.m.h.c.base [main] Added to cart successfully
2021-11-22 15:19:01,728 INFO c.m.h.c.base [main] CLick on Contact successfully
2021-11-22 15:19:44,257 INFO c.m.h.c.base [main] Navigated to wishlist
2021-11-22 15:19:49,389 INFO c.m.h.c.base [main] Product added to wishlist successfully
2021-11-22 15:19:54,419 INFO c.m.h.c.base [main] successfully navigated to the checkout page
2021-11-22 15:20:12,698 INFO c.m.h.c.base [main] Navigated to cart
2021-11-22 15:20:20,439 INFO c.m.h.c.base [main] Product added to cart successfully
2021-11-22 15:20:33,508 INFO c.m.h.c.base [main] successfully navigated to the checkout page
2021-11-22 15:20:56,795 INFO c.m.h.c.base [main] Hover clicked successfully
2021-11-22 15:21:04,102 INFO c.m.h.c.base [main] Added to cart successfully
2021-11-22 15:21:24,474 INFO c.m.h.c.base [main] Logged In clicked successfully
2021-11-22 15:21:50,480 INFO c.m.h.c.base [main] Navigated to next page successfully
2021-11-22 15:22:17,194 INFO c.m.h.c.base [main] Clicked successfully
2021-11-22 15:22:33,709 INFO c.m.h.c.base [main] Item searched successfully
2021-11-22 15:22:43,876 INFO c.m.h.c.base [main] Item added to cart successfully
2021-11-22 15:23:00,486 INFO c.m.h.c.base [main] Navigated to sortlist
2021-11-22 15:23:00,617 INFO c.m.h.c.base [main] Product sorted successfully
2021-11-22 15:26:30,328 INFO c.m.h.c.base [main] CLick on Contact successfully
2021-11-22 15:28:47,249 INFO c.m.h.c.base [main] CLick on Contact successfully
2021-11-22 15:30:03,505 INFO c.m.h.c.base [main] CLick on Contact successfully
2021-11-22 15:32:55,552 INFO c.m.h.c.base [main] CLick on Contact successfully
2021-11-22 15:52:57,278 INFO c.m.h.c.base [main] Gift card value changed successfully
2021-11-22 15:52:57,651 INFO c.m.h.c.base [main] Added to cart successfully
2021-11-22 15:53:14,470 INFO c.m.h.c.base [main] CLick on Contact successfully
2021-11-22 15:53:40,899 INFO c.m.h.c.base [main] Navigated to wishlist
2021-11-22 15:53:45,564 INFO c.m.h.c.base [main] Product added to wishlist successfully
2021-11-22 15:53:49,451 INFO c.m.h.c.base [main] successfully navigated to the checkout page
2021-11-22 15:54:02,375 INFO c.m.h.c.base [main] Navigated to cart
2021-11-22 15:54:07,943 INFO c.m.h.c.base [main] Product added to cart successfully
2021-11-22 15:54:18,032 INFO c.m.h.c.base [main] successfully navigated to the checkout page
2021-11-22 15:54:39,926 INFO c.m.h.c.base [main] Hover clicked successfully
2021-11-22 15:54:44,789 INFO c.m.h.c.base [main] Added to cart successfully
2021-11-22 15:55:02,124 INFO c.m.h.c.base [main] Logged In clicked successfully
2021-11-22 15:55:25,519 INFO c.m.h.c.base [main] Navigated to next page successfully
2021-11-22 15:55:52,637 INFO c.m.h.c.base [main] Clicked successfully
2021-11-22 15:56:06,556 INFO c.m.h.c.base [main] Item searched successfully
2021-11-22 15:56:12,159 INFO c.m.h.c.base [main] Item added to cart successfully
2021-11-22 15:56:29,192 INFO c.m.h.c.base [main] Navigated to sortlist
2021-11-22 15:56:29,528 INFO c.m.h.c.base [main] Product sorted successfully
